<?xml version="1.0" encoding="UTF-8"?>
<testsuite name="se.kry.codetest.TestMainVerticle" tests="1" skipped="0" failures="0" errors="0" timestamp="2019-04-05T15:20:58" hostname="jollie-UX32LA" time="2.187">
  <properties/>
  <testcase name="Start a web server on localhost responding to path /service on port 8080" classname="se.kry.codetest.TestMainVerticle" time="2.187"/>
  <system-out><![CDATA[KRY code test service started
]]></system-out>
  <system-err><![CDATA[apr. 05, 2019 5:20:59 EM com.mchange.v2.log.MLog 
INFO: MLog clients using java 1.4+ standard logging.
apr. 05, 2019 5:20:59 EM com.mchange.v2.c3p0.C3P0Registry 
INFO: Initializing c3p0-0.9.5.2 [built 08-December-2015 22:06:04 -0800; debug? true; trace: 10]
]]></system-err>
</testsuite>
